
  .   ____          _            __ _ _
 /\\ / ___'_ __ _ _(_)_ __  __ _ \ \ \ \
( ( )\___ | '_ | '_| | '_ \/ _` | \ \ \ \
 \\/  ___)| |_)| | | | | || (_| |  ) ) ) )
  '  |____| .__|_| |_|_| |_\__, | / / / /
 =========|_|==============|___/=/_/_/_/

 :: Spring Boot ::               (v3.5.14)

2026-04-30T16:22:30.798+02:00  INFO 39069 --- [eureka-server] [           main] c.G.e.EurekaServerApplication            : Starting EurekaServerApplication v0.0.1-SNAPSHOT using Java 17.0.17 with PID 39069 (/Users/mareschal/IdeaProjects/GameNight/eureka-server/target/eureka-server-0.0.1-SNAPSHOT.jar started by mareschal in /Users/mareschal/IdeaProjects/GameNight/eureka-server)
2026-04-30T16:22:30.800+02:00  INFO 39069 --- [eureka-server] [           main] c.G.e.EurekaServerApplication            : No active profile set, falling back to 1 default profile: "default"
2026-04-30T16:22:31.320+02:00  INFO 39069 --- [eureka-server] [           main] o.s.cloud.context.scope.GenericScope     : BeanFactory id=0c57109e-5125-37d7-86e0-7b67bb0b0c51
2026-04-30T16:22:31.440+02:00  INFO 39069 --- [eureka-server] [           main] o.s.b.w.embedded.tomcat.TomcatWebServer  : Tomcat initialized with port 8761 (http)
2026-04-30T16:22:31.447+02:00  INFO 39069 --- [eureka-server] [           main] o.apache.catalina.core.StandardService   : Starting service [Tomcat]
2026-04-30T16:22:31.447+02:00  INFO 39069 --- [eureka-server] [           main] o.apache.catalina.core.StandardEngine    : Starting Servlet engine: [Apache Tomcat/10.1.54]
2026-04-30T16:22:31.461+02:00  INFO 39069 --- [eureka-server] [           main] o.a.c.c.C.[Tomcat].[localhost].[/]       : Initializing Spring embedded WebApplicationContext
2026-04-30T16:22:31.461+02:00  INFO 39069 --- [eureka-server] [           main] w.s.c.ServletWebServerApplicationContext : Root WebApplicationContext: initialization completed in 634 ms
2026-04-30T16:22:32.072+02:00  INFO 39069 --- [eureka-server] [           main] c.n.d.provider.DiscoveryJerseyProvider   : Using JSON encoding codec LegacyJacksonJson
2026-04-30T16:22:32.073+02:00  INFO 39069 --- [eureka-server] [           main] c.n.d.provider.DiscoveryJerseyProvider   : Using JSON decoding codec LegacyJacksonJson
2026-04-30T16:22:32.152+02:00  INFO 39069 --- [eureka-server] [           main] c.n.d.provider.DiscoveryJerseyProvider   : Using XML encoding codec XStreamXml
2026-04-30T16:22:32.152+02:00  INFO 39069 --- [eureka-server] [           main] c.n.d.provider.DiscoveryJerseyProvider   : Using XML decoding codec XStreamXml
2026-04-30T16:22:32.219+02:00  INFO 39069 --- [eureka-server] [           main] o.s.v.b.OptionalValidatorFactoryBean     : Failed to set up a Bean Validation provider: jakarta.validation.NoProviderFoundException: Unable to create a Configuration, because no Jakarta Bean Validation provider could be found. Add a provider like Hibernate Validator (RI) to your classpath.
2026-04-30T16:22:32.525+02:00  WARN 39069 --- [eureka-server] [           main] iguration$LoadBalancerCaffeineWarnLogger : Spring Cloud LoadBalancer is currently working with the default cache. While this cache implementation is useful for development and tests, it's recommended to use Caffeine cache in production.You can switch to using Caffeine cache, by adding it and org.springframework.cache.caffeine.CaffeineCacheManager to the classpath.
2026-04-30T16:22:32.533+02:00  INFO 39069 --- [eureka-server] [           main] o.s.c.n.eureka.InstanceInfoFactory       : Setting initial instance status as: STARTING
2026-04-30T16:22:32.542+02:00  INFO 39069 --- [eureka-server] [           main] com.netflix.discovery.DiscoveryClient    : Initializing Eureka in region us-east-1
2026-04-30T16:22:32.542+02:00  INFO 39069 --- [eureka-server] [           main] com.netflix.discovery.DiscoveryClient    : Client configured to neither register nor query for data.
2026-04-30T16:22:32.543+02:00  INFO 39069 --- [eureka-server] [           main] com.netflix.discovery.DiscoveryClient    : Discovery Client initialized at timestamp 1777558952542 with initial instances count: 0
2026-04-30T16:22:32.558+02:00  INFO 39069 --- [eureka-server] [           main] c.n.eureka.DefaultEurekaServerContext    : Initializing ...
2026-04-30T16:22:32.559+02:00  INFO 39069 --- [eureka-server] [           main] c.n.eureka.cluster.PeerEurekaNodes       : Adding new peer nodes [http://localhost:8761/eureka/]
2026-04-30T16:22:32.625+02:00  INFO 39069 --- [eureka-server] [           main] c.n.d.provider.DiscoveryJerseyProvider   : Using JSON encoding codec LegacyJacksonJson
2026-04-30T16:22:32.625+02:00  INFO 39069 --- [eureka-server] [           main] c.n.d.provider.DiscoveryJerseyProvider   : Using JSON decoding codec LegacyJacksonJson
2026-04-30T16:22:32.625+02:00  INFO 39069 --- [eureka-server] [           main] c.n.d.provider.DiscoveryJerseyProvider   : Using XML encoding codec XStreamXml
2026-04-30T16:22:32.625+02:00  INFO 39069 --- [eureka-server] [           main] c.n.d.provider.DiscoveryJerseyProvider   : Using XML decoding codec XStreamXml
2026-04-30T16:22:32.641+02:00  INFO 39069 --- [eureka-server] [           main] c.n.eureka.cluster.PeerEurekaNodes       : Replica node URL:  http://localhost:8761/eureka/
2026-04-30T16:22:32.645+02:00  INFO 39069 --- [eureka-server] [           main] c.n.e.registry.AbstractInstanceRegistry  : Finished initializing remote region registries. All known remote regions: []
2026-04-30T16:22:32.645+02:00  INFO 39069 --- [eureka-server] [           main] c.n.eureka.DefaultEurekaServerContext    : Initialized
2026-04-30T16:22:32.649+02:00  INFO 39069 --- [eureka-server] [           main] o.s.b.a.e.web.EndpointLinksResolver      : Exposing 1 endpoint beneath base path '/actuator'
2026-04-30T16:22:32.667+02:00  INFO 39069 --- [eureka-server] [           main] o.s.c.n.e.s.EurekaServiceRegistry        : Registering application EUREKA-SERVER with eureka with status UP
2026-04-30T16:22:32.672+02:00  INFO 39069 --- [eureka-server] [       Thread-9] o.s.c.n.e.server.EurekaServerBootstrap   : isAws returned false
2026-04-30T16:22:32.672+02:00  INFO 39069 --- [eureka-server] [       Thread-9] o.s.c.n.e.server.EurekaServerBootstrap   : Initialized server context
2026-04-30T16:22:32.672+02:00  INFO 39069 --- [eureka-server] [       Thread-9] c.n.e.r.PeerAwareInstanceRegistryImpl    : Got 1 instances from neighboring DS node
2026-04-30T16:22:32.672+02:00  INFO 39069 --- [eureka-server] [       Thread-9] c.n.e.r.PeerAwareInstanceRegistryImpl    : Renew threshold is: 1
2026-04-30T16:22:32.672+02:00  INFO 39069 --- [eureka-server] [       Thread-9] c.n.e.r.PeerAwareInstanceRegistryImpl    : Changing status to UP
2026-04-30T16:22:32.673+02:00  INFO 39069 --- [eureka-server] [       Thread-9] e.s.EurekaServerInitializerConfiguration : Started Eureka Server
2026-04-30T16:22:32.677+02:00  INFO 39069 --- [eureka-server] [           main] o.s.b.w.embedded.tomcat.TomcatWebServer  : Tomcat started on port 8761 (http) with context path '/'
2026-04-30T16:22:32.677+02:00  INFO 39069 --- [eureka-server] [           main] .s.c.n.e.s.EurekaAutoServiceRegistration : Updating port to 8761
2026-04-30T16:22:32.687+02:00  INFO 39069 --- [eureka-server] [           main] c.G.e.EurekaServerApplication            : Started EurekaServerApplication in 2.146 seconds (process running for 2.539)
2026-04-30T16:22:33.235+02:00  INFO 39069 --- [eureka-server] [nio-8761-exec-1] o.a.c.c.C.[Tomcat].[localhost].[/]       : Initializing Spring DispatcherServlet 'dispatcherServlet'
2026-04-30T16:22:33.235+02:00  INFO 39069 --- [eureka-server] [nio-8761-exec-1] o.s.web.servlet.DispatcherServlet        : Initializing Servlet 'dispatcherServlet'
2026-04-30T16:22:33.235+02:00  INFO 39069 --- [eureka-server] [nio-8761-exec-1] o.s.web.servlet.DispatcherServlet        : Completed initialization in 0 ms
2026-04-30T16:22:38.353+02:00  INFO 39069 --- [eureka-server] [nio-8761-exec-3] c.n.e.registry.AbstractInstanceRegistry  : Registered instance STATS-SERVICE/10.154.107.51:stats-service:8084 with status UP (replication=false)
2026-04-30T16:22:38.731+02:00  INFO 39069 --- [eureka-server] [nio-8761-exec-6] c.n.e.registry.AbstractInstanceRegistry  : Registered instance PLAYER-SERVICE/10.154.107.51:player-service:8083 with status UP (replication=false)
2026-04-30T16:22:38.736+02:00  INFO 39069 --- [eureka-server] [nio-8761-exec-7] c.n.e.registry.AbstractInstanceRegistry  : Registered instance PARTY-SERVICE/10.154.107.51:party-service:8082 with status UP (replication=false)
2026-04-30T16:22:38.942+02:00  INFO 39069 --- [eureka-server] [nio-8761-exec-8] c.n.e.registry.AbstractInstanceRegistry  : Registered instance STATS-SERVICE/10.154.107.51:stats-service:8084 with status UP (replication=true)
2026-04-30T16:22:38.943+02:00  INFO 39069 --- [eureka-server] [nio-8761-exec-8] c.n.e.registry.AbstractInstanceRegistry  : Registered instance PLAYER-SERVICE/10.154.107.51:player-service:8083 with status UP (replication=true)
2026-04-30T16:22:38.943+02:00  INFO 39069 --- [eureka-server] [nio-8761-exec-8] c.n.e.registry.AbstractInstanceRegistry  : Registered instance PARTY-SERVICE/10.154.107.51:party-service:8082 with status UP (replication=true)
2026-04-30T16:23:17.818+02:00  INFO 39069 --- [eureka-server] [nio-8761-exec-3] c.n.e.registry.AbstractInstanceRegistry  : Registered instance PLAYER-SERVICE/10.154.107.51:player-service:8083 with status UP (replication=false)
2026-04-30T16:23:18.325+02:00  INFO 39069 --- [eureka-server] [nio-8761-exec-4] c.n.e.registry.AbstractInstanceRegistry  : Registered instance PLAYER-SERVICE/10.154.107.51:player-service:8083 with status UP (replication=true)
2026-04-30T16:23:32.677+02:00  INFO 39069 --- [eureka-server] [a-EvictionTimer] c.n.e.registry.AbstractInstanceRegistry  : Running the evict task with compensationTime 0ms
