
  .   ____          _            __ _ _
 /\\ / ___'_ __ _ _(_)_ __  __ _ \ \ \ \
( ( )\___ | '_ | '_| | '_ \/ _` | \ \ \ \
 \\/  ___)| |_)| | | | | || (_| |  ) ) ) )
  '  |____| .__|_| |_|_| |_\__, | / / / /
 =========|_|==============|___/=/_/_/_/

 :: Spring Boot ::               (v3.5.14)

2026-04-30T16:22:34.100+02:00  INFO 39086 --- [party-service] [           main] c.g.p.PartyServiceApplication            : Starting PartyServiceApplication v0.0.1-SNAPSHOT using Java 17.0.17 with PID 39086 (/Users/mareschal/IdeaProjects/GameNight/party-service/target/party-service-0.0.1-SNAPSHOT.jar started by mareschal in /Users/mareschal/IdeaProjects/GameNight/party-service)
2026-04-30T16:22:34.103+02:00  INFO 39086 --- [party-service] [           main] c.g.p.PartyServiceApplication            : No active profile set, falling back to 1 default profile: "default"
2026-04-30T16:22:35.000+02:00  INFO 39086 --- [party-service] [           main] .s.d.r.c.RepositoryConfigurationDelegate : Bootstrapping Spring Data JPA repositories in DEFAULT mode.
2026-04-30T16:22:35.105+02:00  INFO 39086 --- [party-service] [           main] .s.d.r.c.RepositoryConfigurationDelegate : Finished Spring Data repository scanning in 98 ms. Found 1 JPA repository interface.
2026-04-30T16:22:35.250+02:00  INFO 39086 --- [party-service] [           main] o.s.cloud.context.scope.GenericScope     : BeanFactory id=6eab017d-d5e5-3ce0-94c0-805699e06226
2026-04-30T16:22:35.911+02:00  INFO 39086 --- [party-service] [           main] o.s.b.w.embedded.tomcat.TomcatWebServer  : Tomcat initialized with port 8082 (http)
2026-04-30T16:22:35.920+02:00  INFO 39086 --- [party-service] [           main] o.apache.catalina.core.StandardService   : Starting service [Tomcat]
2026-04-30T16:22:35.920+02:00  INFO 39086 --- [party-service] [           main] o.apache.catalina.core.StandardEngine    : Starting Servlet engine: [Apache Tomcat/10.1.54]
2026-04-30T16:22:35.938+02:00  INFO 39086 --- [party-service] [           main] o.a.c.c.C.[Tomcat].[localhost].[/]       : Initializing Spring embedded WebApplicationContext
2026-04-30T16:22:35.938+02:00  INFO 39086 --- [party-service] [           main] w.s.c.ServletWebServerApplicationContext : Root WebApplicationContext: initialization completed in 1726 ms
2026-04-30T16:22:36.351+02:00  INFO 39086 --- [party-service] [           main] o.hibernate.jpa.internal.util.LogHelper  : HHH000204: Processing PersistenceUnitInfo [name: default]
2026-04-30T16:22:36.414+02:00  INFO 39086 --- [party-service] [           main] org.hibernate.Version                    : HHH000412: Hibernate ORM core version 6.6.49.Final
2026-04-30T16:22:36.442+02:00  INFO 39086 --- [party-service] [           main] o.h.c.internal.RegionFactoryInitiator    : HHH000026: Second-level cache disabled
2026-04-30T16:22:36.638+02:00  INFO 39086 --- [party-service] [           main] o.s.o.j.p.SpringPersistenceUnitInfo      : No LoadTimeWeaver setup: ignoring JPA class transformer
2026-04-30T16:22:36.663+02:00  INFO 39086 --- [party-service] [           main] com.zaxxer.hikari.HikariDataSource       : HikariPool-1 - Starting...
2026-04-30T16:22:36.853+02:00  INFO 39086 --- [party-service] [           main] com.zaxxer.hikari.pool.HikariPool        : HikariPool-1 - Added connection conn0: url=jdbc:h2:mem:partydb user=SA
2026-04-30T16:22:36.854+02:00  INFO 39086 --- [party-service] [           main] com.zaxxer.hikari.HikariDataSource       : HikariPool-1 - Start completed.
2026-04-30T16:22:36.900+02:00  INFO 39086 --- [party-service] [           main] org.hibernate.orm.connections.pooling    : HHH10001005: Database info:
	Database JDBC URL [Connecting through datasource 'HikariDataSource (HikariPool-1)']
	Database driver: undefined/unknown
	Database version: 2.3.232
	Autocommit mode: undefined/unknown
	Isolation level: undefined/unknown
	Minimum pool size: undefined/unknown
	Maximum pool size: undefined/unknown
2026-04-30T16:22:37.531+02:00  INFO 39086 --- [party-service] [           main] o.h.e.t.j.p.i.JtaPlatformInitiator       : HHH000489: No JTA platform available (set 'hibernate.transaction.jta.platform' to enable JTA platform integration)
2026-04-30T16:22:37.599+02:00  INFO 39086 --- [party-service] [           main] j.LocalContainerEntityManagerFactoryBean : Initialized JPA EntityManagerFactory for persistence unit 'default'
2026-04-30T16:22:37.732+02:00  WARN 39086 --- [party-service] [           main] JpaBaseConfiguration$JpaWebConfiguration : spring.jpa.open-in-view is enabled by default. Therefore, database queries may be performed during view rendering. Explicitly configure spring.jpa.open-in-view to disable this warning
2026-04-30T16:22:38.226+02:00  INFO 39086 --- [party-service] [           main] o.s.b.a.h2.H2ConsoleAutoConfiguration    : H2 console available at '/h2-console'. Database available at 'jdbc:h2:mem:partydb'
2026-04-30T16:22:38.255+02:00  INFO 39086 --- [party-service] [           main] DiscoveryClientOptionalArgsConfiguration : Eureka HTTP Client uses RestTemplate.
2026-04-30T16:22:38.293+02:00  WARN 39086 --- [party-service] [           main] iguration$LoadBalancerCaffeineWarnLogger : Spring Cloud LoadBalancer is currently working with the default cache. While this cache implementation is useful for development and tests, it's recommended to use Caffeine cache in production.You can switch to using Caffeine cache, by adding it and org.springframework.cache.caffeine.CaffeineCacheManager to the classpath.
2026-04-30T16:22:38.300+02:00  INFO 39086 --- [party-service] [           main] o.s.b.a.e.web.EndpointLinksResolver      : Exposing 3 endpoints beneath base path '/actuator'
2026-04-30T16:22:38.352+02:00  INFO 39086 --- [party-service] [           main] o.s.c.n.eureka.InstanceInfoFactory       : Setting initial instance status as: STARTING
2026-04-30T16:22:38.366+02:00  INFO 39086 --- [party-service] [           main] com.netflix.discovery.DiscoveryClient    : Initializing Eureka in region us-east-1
2026-04-30T16:22:38.369+02:00  INFO 39086 --- [party-service] [           main] c.n.d.s.r.aws.ConfigClusterResolver      : Resolving eureka endpoints via configuration
2026-04-30T16:22:38.378+02:00  INFO 39086 --- [party-service] [           main] com.netflix.discovery.DiscoveryClient    : Disable delta property : false
2026-04-30T16:22:38.378+02:00  INFO 39086 --- [party-service] [           main] com.netflix.discovery.DiscoveryClient    : Single vip registry refresh property : null
2026-04-30T16:22:38.378+02:00  INFO 39086 --- [party-service] [           main] com.netflix.discovery.DiscoveryClient    : Force full registry fetch : false
2026-04-30T16:22:38.378+02:00  INFO 39086 --- [party-service] [           main] com.netflix.discovery.DiscoveryClient    : Application is null : false
2026-04-30T16:22:38.378+02:00  INFO 39086 --- [party-service] [           main] com.netflix.discovery.DiscoveryClient    : Registered Applications size is zero : true
2026-04-30T16:22:38.378+02:00  INFO 39086 --- [party-service] [           main] com.netflix.discovery.DiscoveryClient    : Application version is -1: true
2026-04-30T16:22:38.378+02:00  INFO 39086 --- [party-service] [           main] com.netflix.discovery.DiscoveryClient    : Getting all instance registry info from the eureka server
2026-04-30T16:22:38.692+02:00  INFO 39086 --- [party-service] [           main] com.netflix.discovery.DiscoveryClient    : The response status is 200
2026-04-30T16:22:38.693+02:00  INFO 39086 --- [party-service] [           main] com.netflix.discovery.DiscoveryClient    : Starting heartbeat executor: renew interval is: 30
2026-04-30T16:22:38.694+02:00  INFO 39086 --- [party-service] [           main] c.n.discovery.InstanceInfoReplicator     : InstanceInfoReplicator onDemand update allowed rate per min is 4
2026-04-30T16:22:38.695+02:00  INFO 39086 --- [party-service] [           main] com.netflix.discovery.DiscoveryClient    : Discovery Client initialized at timestamp 1777558958695 with initial instances count: 0
2026-04-30T16:22:38.697+02:00  INFO 39086 --- [party-service] [           main] o.s.c.n.e.s.EurekaServiceRegistry        : Registering application PARTY-SERVICE with eureka with status UP
2026-04-30T16:22:38.697+02:00  INFO 39086 --- [party-service] [           main] com.netflix.discovery.DiscoveryClient    : Saw local status change event StatusChangeEvent [timestamp=1777558958697, current=UP, previous=STARTING]
2026-04-30T16:22:38.699+02:00  INFO 39086 --- [party-service] [foReplicator-%d] com.netflix.discovery.DiscoveryClient    : DiscoveryClient_PARTY-SERVICE/10.154.107.51:party-service:8082: registering service...
2026-04-30T16:22:38.712+02:00  INFO 39086 --- [party-service] [           main] o.s.b.w.embedded.tomcat.TomcatWebServer  : Tomcat started on port 8082 (http) with context path '/'
2026-04-30T16:22:38.713+02:00  INFO 39086 --- [party-service] [           main] .s.c.n.e.s.EurekaAutoServiceRegistration : Updating port to 8082
2026-04-30T16:22:38.735+02:00  INFO 39086 --- [party-service] [           main] c.g.p.PartyServiceApplication            : Started PartyServiceApplication in 4.98 seconds (process running for 5.398)
2026-04-30T16:22:38.738+02:00  INFO 39086 --- [party-service] [foReplicator-%d] com.netflix.discovery.DiscoveryClient    : DiscoveryClient_PARTY-SERVICE/10.154.107.51:party-service:8082 - registration status: 204
2026-04-30T16:23:03.453+02:00  INFO 39086 --- [party-service] [nio-8082-exec-1] o.a.c.c.C.[Tomcat].[localhost].[/]       : Initializing Spring DispatcherServlet 'dispatcherServlet'
2026-04-30T16:23:03.453+02:00  INFO 39086 --- [party-service] [nio-8082-exec-1] o.s.web.servlet.DispatcherServlet        : Initializing Servlet 'dispatcherServlet'
2026-04-30T16:23:03.456+02:00  INFO 39086 --- [party-service] [nio-8082-exec-1] o.s.web.servlet.DispatcherServlet        : Completed initialization in 2 ms
2026-04-30T16:23:08.724+02:00  INFO 39086 --- [party-service] [reshExecutor-%d] com.netflix.discovery.DiscoveryClient    : Disable delta property : false
2026-04-30T16:23:08.729+02:00  INFO 39086 --- [party-service] [reshExecutor-%d] com.netflix.discovery.DiscoveryClient    : Single vip registry refresh property : null
2026-04-30T16:23:08.729+02:00  INFO 39086 --- [party-service] [reshExecutor-%d] com.netflix.discovery.DiscoveryClient    : Force full registry fetch : false
2026-04-30T16:23:08.729+02:00  INFO 39086 --- [party-service] [reshExecutor-%d] com.netflix.discovery.DiscoveryClient    : Application is null : false
2026-04-30T16:23:08.729+02:00  INFO 39086 --- [party-service] [reshExecutor-%d] com.netflix.discovery.DiscoveryClient    : Registered Applications size is zero : true
2026-04-30T16:23:08.730+02:00  INFO 39086 --- [party-service] [reshExecutor-%d] com.netflix.discovery.DiscoveryClient    : Application version is -1: false
2026-04-30T16:23:08.730+02:00  INFO 39086 --- [party-service] [reshExecutor-%d] com.netflix.discovery.DiscoveryClient    : Getting all instance registry info from the eureka server
2026-04-30T16:23:08.751+02:00  INFO 39086 --- [party-service] [reshExecutor-%d] com.netflix.discovery.DiscoveryClient    : The response status is 200
